<?xml version="1.0" encoding="UTF-8"?>
<!-- Generated by org.testng.reporters.JUnitReportReporter -->
<testsuite skipped="0" hostname="DESKTOP-QJ8FI0G" name="testcases.tc_validateCoursesDisplayed" tests="1" failures="0" timestamp="25 Jun 2020 17:19:56 GMT" time="14.234" errors="0">
  <testcase name="tc4_validateFeaturedcourses" time="14.234" classname="testcases.tc_validateCoursesDisplayed"/>
</testsuite> <!-- testcases.tc_validateCoursesDisplayed -->
