<?xml version="1.0" encoding="UTF-8"?>
<!-- Generated by org.testng.reporters.JUnitReportReporter -->
<testsuite skipped="0" hostname="DESKTOP-QJ8FI0G" name="testcases.tc_validateFreePrice" tests="1" failures="0" timestamp="25 Jun 2020 18:04:17 GMT" time="82.021" errors="0">
  <testcase name="tc2_getPriceUnderFeaturedCourses" time="82.021" classname="testcases.tc_validateFreePrice"/>
</testsuite> <!-- testcases.tc_validateFreePrice -->
