<?xml version="1.0" encoding="UTF-8"?>
<!-- Generated by org.testng.reporters.JUnitReportReporter -->
<testsuite skipped="0" hostname="DESKTOP-QJ8FI0G" name="testcases.tc_Login" tests="3" failures="0" timestamp="25 Jun 2020 17:19:56 GMT" time="84.153" errors="0">
  <testcase name="tc1" time="21.383" classname="testcases.tc_Login"/>
  <testcase name="tc1" time="39.353" classname="testcases.tc_Login"/>
  <testcase name="tc1" time="23.417" classname="testcases.tc_Login"/>
</testsuite> <!-- testcases.tc_Login -->
